<?xml version="1.0" encoding="UTF-8"?>
<testsuite xmlns:xsi="http://www.w3.org/2001/XMLSchema-instance" xsi:noNamespaceSchemaLocation="https://maven.apache.org/surefire/maven-surefire-plugin/xsd/surefire-test-report.xsd" name="ru.yandex.praktikum.CourierLoginPositiveTest" time="3.591" tests="1" errors="0" skipped="0" failures="0">
  <properties>
    <property name="java.specification.version" value="18"/>
    <property name="sun.jnu.encoding" value="UTF-8"/>
    <property name="java.class.path" value="/Users/anna.pedakhovskaya/Yandex.Praktikum/AQA/SPRINT_3_CORRECT/Sprint_3/target/test-classes:/Users/anna.pedakhovskaya/Yandex.Praktikum/AQA/SPRINT_3_CORRECT/Sprint_3/target/classes:/Users/anna.pedakhovskaya/.m2/repository/io/qameta/allure/allure-junit4/2.18.1/allure-junit4-2.18.1.jar:/Users/anna.pedakhovskaya/.m2/repository/io/qameta/allure/allure-java-commons/2.18.1/allure-java-commons-2.18.1.jar:/Users/anna.pedakhovskaya/.m2/repository/org/slf4j/slf4j-api/1.7.30/slf4j-api-1.7.30.jar:/Users/anna.pedakhovskaya/.m2/repository/io/qameta/allure/allure-model/2.18.1/allure-model-2.18.1.jar:/Users/anna.pedakhovskaya/.m2/repository/io/qameta/allure/allure-rest-assured/2.18.1/allure-rest-assured-2.18.1.jar:/Users/anna.pedakhovskaya/.m2/repository/io/qameta/allure/allure-attachments/2.18.1/allure-attachments-2.18.1.jar:/Users/anna.pedakhovskaya/.m2/repository/org/freemarker/freemarker/2.3.31/freemarker-2.3.31.jar:/Users/anna.pedakhovskaya/.m2/repository/io/rest-assured/rest-assured/4.5.0/rest-assured-4.5.0.jar:/Users/anna.pedakhovskaya/.m2/repository/org/codehaus/groovy/groovy/3.0.9/groovy-3.0.9.jar:/Users/anna.pedakhovskaya/.m2/repository/org/codehaus/groovy/groovy-xml/3.0.9/groovy-xml-3.0.9.jar:/Users/anna.pedakhovskaya/.m2/repository/org/apache/httpcomponents/httpclient/4.5.13/httpclient-4.5.13.jar:/Users/anna.pedakhovskaya/.m2/repository/org/apache/httpcomponents/httpcore/4.4.13/httpcore-4.4.13.jar:/Users/anna.pedakhovskaya/.m2/repository/commons-logging/commons-logging/1.2/commons-logging-1.2.jar:/Users/anna.pedakhovskaya/.m2/repository/commons-codec/commons-codec/1.11/commons-codec-1.11.jar:/Users/anna.pedakhovskaya/.m2/repository/org/apache/httpcomponents/httpmime/4.5.13/httpmime-4.5.13.jar:/Users/anna.pedakhovskaya/.m2/repository/org/hamcrest/hamcrest/2.1/hamcrest-2.1.jar:/Users/anna.pedakhovskaya/.m2/repository/org/ccil/cowan/tagsoup/tagsoup/1.2.1/tagsoup-1.2.1.jar:/Users/anna.pedakhovskaya/.m2/repository/io/rest-assured/json-path/4.5.0/json-path-4.5.0.jar:/Users/anna.pedakhovskaya/.m2/repository/org/codehaus/groovy/groovy-json/3.0.9/groovy-json-3.0.9.jar:/Users/anna.pedakhovskaya/.m2/repository/io/rest-assured/rest-assured-common/4.5.0/rest-assured-common-4.5.0.jar:/Users/anna.pedakhovskaya/.m2/repository/io/rest-assured/xml-path/4.5.0/xml-path-4.5.0.jar:/Users/anna.pedakhovskaya/.m2/repository/junit/junit/4.13.2/junit-4.13.2.jar:/Users/anna.pedakhovskaya/.m2/repository/org/hamcrest/hamcrest-core/1.3/hamcrest-core-1.3.jar:/Users/anna.pedakhovskaya/.m2/repository/com/google/code/gson/gson/2.8.9/gson-2.8.9.jar:/Users/anna.pedakhovskaya/.m2/repository/com/github/javafaker/javafaker/1.0.2/javafaker-1.0.2.jar:/Users/anna.pedakhovskaya/.m2/repository/org/apache/commons/commons-lang3/3.5/commons-lang3-3.5.jar:/Users/anna.pedakhovskaya/.m2/repository/org/yaml/snakeyaml/1.23/snakeyaml-1.23-android.jar:/Users/anna.pedakhovskaya/.m2/repository/com/github/mifmif/generex/1.0.2/generex-1.0.2.jar:/Users/anna.pedakhovskaya/.m2/repository/dk/brics/automaton/automaton/1.11-8/automaton-1.11-8.jar:"/>
    <property name="java.vm.vendor" value="Homebrew"/>
    <property name="sun.arch.data.model" value="64"/>
    <property name="java.vendor.url" value="https://github.com/Homebrew/homebrew-core/issues"/>
    <property name="os.name" value="Mac OS X"/>
    <property name="java.vm.specification.version" value="18"/>
    <property name="sun.java.launcher" value="SUN_STANDARD"/>
    <property name="user.country" value="DE"/>
    <property name="sun.boot.library.path" value="/usr/local/Cellar/openjdk/18.0.1/libexec/openjdk.jdk/Contents/Home/lib"/>
    <property name="sun.java.command" value="/Users/anna.pedakhovskaya/Yandex.Praktikum/AQA/SPRINT_3_CORRECT/Sprint_3/target/surefire/surefirebooter6452109048807970318.jar /Users/anna.pedakhovskaya/Yandex.Praktikum/AQA/SPRINT_3_CORRECT/Sprint_3/target/surefire 2022-06-25T23-48-15_592-jvmRun1 surefire3626841392534413168tmp surefire_08887210388413217923tmp"/>
    <property name="jdk.debug" value="release"/>
    <property name="surefire.test.class.path" value="/Users/anna.pedakhovskaya/Yandex.Praktikum/AQA/SPRINT_3_CORRECT/Sprint_3/target/test-classes:/Users/anna.pedakhovskaya/Yandex.Praktikum/AQA/SPRINT_3_CORRECT/Sprint_3/target/classes:/Users/anna.pedakhovskaya/.m2/repository/io/qameta/allure/allure-junit4/2.18.1/allure-junit4-2.18.1.jar:/Users/anna.pedakhovskaya/.m2/repository/io/qameta/allure/allure-java-commons/2.18.1/allure-java-commons-2.18.1.jar:/Users/anna.pedakhovskaya/.m2/repository/org/slf4j/slf4j-api/1.7.30/slf4j-api-1.7.30.jar:/Users/anna.pedakhovskaya/.m2/repository/io/qameta/allure/allure-model/2.18.1/allure-model-2.18.1.jar:/Users/anna.pedakhovskaya/.m2/repository/io/qameta/allure/allure-rest-assured/2.18.1/allure-rest-assured-2.18.1.jar:/Users/anna.pedakhovskaya/.m2/repository/io/qameta/allure/allure-attachments/2.18.1/allure-attachments-2.18.1.jar:/Users/anna.pedakhovskaya/.m2/repository/org/freemarker/freemarker/2.3.31/freemarker-2.3.31.jar:/Users/anna.pedakhovskaya/.m2/repository/io/rest-assured/rest-assured/4.5.0/rest-assured-4.5.0.jar:/Users/anna.pedakhovskaya/.m2/repository/org/codehaus/groovy/groovy/3.0.9/groovy-3.0.9.jar:/Users/anna.pedakhovskaya/.m2/repository/org/codehaus/groovy/groovy-xml/3.0.9/groovy-xml-3.0.9.jar:/Users/anna.pedakhovskaya/.m2/repository/org/apache/httpcomponents/httpclient/4.5.13/httpclient-4.5.13.jar:/Users/anna.pedakhovskaya/.m2/repository/org/apache/httpcomponents/httpcore/4.4.13/httpcore-4.4.13.jar:/Users/anna.pedakhovskaya/.m2/repository/commons-logging/commons-logging/1.2/commons-logging-1.2.jar:/Users/anna.pedakhovskaya/.m2/repository/commons-codec/commons-codec/1.11/commons-codec-1.11.jar:/Users/anna.pedakhovskaya/.m2/repository/org/apache/httpcomponents/httpmime/4.5.13/httpmime-4.5.13.jar:/Users/anna.pedakhovskaya/.m2/repository/org/hamcrest/hamcrest/2.1/hamcrest-2.1.jar:/Users/anna.pedakhovskaya/.m2/repository/org/ccil/cowan/tagsoup/tagsoup/1.2.1/tagsoup-1.2.1.jar:/Users/anna.pedakhovskaya/.m2/repository/io/rest-assured/json-path/4.5.0/json-path-4.5.0.jar:/Users/anna.pedakhovskaya/.m2/repository/org/codehaus/groovy/groovy-json/3.0.9/groovy-json-3.0.9.jar:/Users/anna.pedakhovskaya/.m2/repository/io/rest-assured/rest-assured-common/4.5.0/rest-assured-common-4.5.0.jar:/Users/anna.pedakhovskaya/.m2/repository/io/rest-assured/xml-path/4.5.0/xml-path-4.5.0.jar:/Users/anna.pedakhovskaya/.m2/repository/junit/junit/4.13.2/junit-4.13.2.jar:/Users/anna.pedakhovskaya/.m2/repository/org/hamcrest/hamcrest-core/1.3/hamcrest-core-1.3.jar:/Users/anna.pedakhovskaya/.m2/repository/com/google/code/gson/gson/2.8.9/gson-2.8.9.jar:/Users/anna.pedakhovskaya/.m2/repository/com/github/javafaker/javafaker/1.0.2/javafaker-1.0.2.jar:/Users/anna.pedakhovskaya/.m2/repository/org/apache/commons/commons-lang3/3.5/commons-lang3-3.5.jar:/Users/anna.pedakhovskaya/.m2/repository/org/yaml/snakeyaml/1.23/snakeyaml-1.23-android.jar:/Users/anna.pedakhovskaya/.m2/repository/com/github/mifmif/generex/1.0.2/generex-1.0.2.jar:/Users/anna.pedakhovskaya/.m2/repository/dk/brics/automaton/automaton/1.11-8/automaton-1.11-8.jar:"/>
    <property name="allure.results.directory" value="/Users/anna.pedakhovskaya/Yandex.Praktikum/AQA/SPRINT_3_CORRECT/Sprint_3/target/allure-results"/>
    <property name="sun.cpu.endian" value="little"/>
    <property name="user.home" value="/Users/anna.pedakhovskaya"/>
    <property name="user.language" value="en"/>
    <property name="java.specification.vendor" value="Oracle Corporation"/>
    <property name="java.version.date" value="2022-04-19"/>
    <property name="java.home" value="/usr/local/Cellar/openjdk/18.0.1/libexec/openjdk.jdk/Contents/Home"/>
    <property name="file.separator" value="/"/>
    <property name="basedir" value="/Users/anna.pedakhovskaya/Yandex.Praktikum/AQA/SPRINT_3_CORRECT/Sprint_3"/>
    <property name="java.vm.compressedOopsMode" value="Zero based"/>
    <property name="line.separator" value="&#10;"/>
    <property name="java.specification.name" value="Java Platform API Specification"/>
    <property name="java.vm.specification.vendor" value="Oracle Corporation"/>
    <property name="apple.awt.application.name" value="ForkedBooter"/>
    <property name="surefire.real.class.path" value="/Users/anna.pedakhovskaya/Yandex.Praktikum/AQA/SPRINT_3_CORRECT/Sprint_3/target/surefire/surefirebooter6452109048807970318.jar"/>
    <property name="sun.management.compiler" value="HotSpot 64-Bit Tiered Compilers"/>
    <property name="java.runtime.version" value="18.0.1+0"/>
    <property name="user.name" value="anna.pedakhovskaya"/>
    <property name="path.separator" value=":"/>
    <property name="os.version" value="12.3.1"/>
    <property name="java.runtime.name" value="OpenJDK Runtime Environment"/>
    <property name="file.encoding" value="UTF-8"/>
    <property name="java.vm.name" value="OpenJDK 64-Bit Server VM"/>
    <property name="java.vendor.version" value="Homebrew"/>
    <property name="localRepository" value="/Users/anna.pedakhovskaya/.m2/repository"/>
    <property name="java.vendor.url.bug" value="https://github.com/Homebrew/homebrew-core/issues"/>
    <property name="java.io.tmpdir" value="/var/folders/41/23whglbx09b6b4m6bk14grj80000gp/T/"/>
    <property name="java.version" value="18.0.1"/>
    <property name="user.dir" value="/Users/anna.pedakhovskaya/Yandex.Praktikum/AQA/SPRINT_3_CORRECT/Sprint_3"/>
    <property name="os.arch" value="x86_64"/>
    <property name="java.vm.specification.name" value="Java Virtual Machine Specification"/>
    <property name="native.encoding" value="US-ASCII"/>
    <property name="java.library.path" value="/Users/anna.pedakhovskaya/Library/Java/Extensions:/Library/Java/Extensions:/Network/Library/Java/Extensions:/System/Library/Java/Extensions:/usr/lib/java:."/>
    <property name="java.vm.info" value="mixed mode, sharing"/>
    <property name="java.vendor" value="Homebrew"/>
    <property name="java.vm.version" value="18.0.1+0"/>
    <property name="sun.io.unicode.encoding" value="UnicodeBig"/>
    <property name="java.class.version" value="62.0"/>
  </properties>
  <testcase name="courierLoginCorrectCredentialsTest" classname="ru.yandex.praktikum.CourierLoginPositiveTest" time="3.469"/>
</testsuite>